<?xml version="1.0" encoding="UTF-8"?>
<testng-results skipped="0" failed="0" ignored="0" total="1" passed="1">
  <reporter-output>
  </reporter-output>
  <suite name="Default suite" duration-ms="16388" started-at="2018-03-30T01:32:48Z" finished-at="2018-03-30T01:33:05Z">
    <groups>
    </groups>
    <test name="Default test" duration-ms="16388" started-at="2018-03-30T01:32:48Z" finished-at="2018-03-30T01:33:05Z">
      <class name="com.SampleProject.Test.TC001_LoginPageTest">
        <test-method status="PASS" signature="beforeMethod(java.lang.reflect.Method)[pri:0, instance:com.SampleProject.Test.TC001_LoginPageTest@f8c1ddd]" name="beforeMethod" is-config="true" duration-ms="24" started-at="2018-03-30T07:02:48Z" finished-at="2018-03-30T07:02:48Z">
          <params>
            <param index="0">
              <value>
                <![CDATA[public void com.SampleProject.Test.TC001_LoginPageTest.verifyLoginApplicationTest()]]>
              </value>
            </param>
          </params>
          <reporter-output>
          </reporter-output>
        </test-method> <!-- beforeMethod -->
        <test-method status="PASS" signature="startTest()[pri:0, instance:com.SampleProject.Test.TC001_LoginPageTest@f8c1ddd]" name="startTest" is-config="true" duration-ms="11241" started-at="2018-03-30T07:02:48Z" finished-at="2018-03-30T07:03:00Z">
          <reporter-output>
          </reporter-output>
        </test-method> <!-- startTest -->
        <test-method status="PASS" signature="verifyLoginApplicationTest()[pri:0, instance:com.SampleProject.Test.TC001_LoginPageTest@f8c1ddd]" name="verifyLoginApplicationTest" duration-ms="3233" started-at="2018-03-30T07:03:00Z" finished-at="2018-03-30T07:03:03Z">
          <reporter-output>
          </reporter-output>
        </test-method> <!-- verifyLoginApplicationTest -->
        <test-method status="PASS" signature="afterMethod(org.testng.ITestResult)[pri:0, instance:com.SampleProject.Test.TC001_LoginPageTest@f8c1ddd]" name="afterMethod" is-config="true" duration-ms="1" started-at="2018-03-30T07:03:03Z" finished-at="2018-03-30T07:03:03Z">
          <params>
            <param index="0">
              <value>
                <![CDATA[[TestResult name=verifyLoginApplicationTest status=SUCCESS method=TC001_LoginPageTest.verifyLoginApplicationTest()[pri:0, instance:com.SampleProject.Test.TC001_LoginPageTest@f8c1ddd] output={null}]]]>
              </value>
            </param>
          </params>
          <reporter-output>
          </reporter-output>
        </test-method> <!-- afterMethod -->
        <test-method status="PASS" signature="endTest()[pri:0, instance:com.SampleProject.Test.TC001_LoginPageTest@f8c1ddd]" name="endTest" is-config="true" duration-ms="1845" started-at="2018-03-30T07:03:03Z" finished-at="2018-03-30T07:03:05Z">
          <reporter-output>
          </reporter-output>
        </test-method> <!-- endTest -->
      </class> <!-- com.SampleProject.Test.TC001_LoginPageTest -->
    </test> <!-- Default test -->
  </suite> <!-- Default suite -->
</testng-results>
